build/app/outputs/mapping/release/mapping.txt
# compiler: R8
# compiler_version: 1.5.64
# min_api: 21
# pg_map_id: 2346787
...
com.google.android.gms.internal.ads.zzdde -> com.google.android.gms.internal.ads.ba1:
com.google.android.gms.internal.ads.zzddf -> com.google.android.gms.internal.ads.ca1:
com.google.android.gms.internal.ads.zzddg -> com.google.android.gms.internal.ads.da1:
    com.google.android.gms.internal.ads.zzddd zzgrs -> f
    java.util.concurrent.Callable zzgqt -> e
    void zzb(java.lang.Object,java.lang.Throwable) -> a
    boolean isDone() -> b
    java.lang.Object zzapb() -> c
    java.lang.String zzapc() -> d
com.google.android.gms.internal.ads.zzddh -> com.google.android.gms.internal.ads.ea1:
    java.lang.Throwable zzaor() -> a
com.google.android.gms.internal.ads.zzddi -> com.google.android.gms.internal.ads.fa1:
    java.lang.Object zza(java.util.concurrent.Future) -> a
com.google.android.gms.internal.ads.zzddj -> com.google.android.gms.internal.ads.ga1:
    byte[] zzc(byte[],byte[]) -> a
com.google.android.gms.internal.ads.zzddk -> com.google.android.gms.internal.ads.ha1:
    java.lang.Throwable zza(com.google.android.gms.internal.ads.zzddh) -> a
com.google.android.gms.internal.ads.zzddl -> com.google.android.gms.internal.ads.ia1:
    com.google.android.gms.internal.ads.zzdjb zza(java.lang.String,java.lang.String,java.lang.String,int,boolean) -> a
    void zza(com.google.android.gms.internal.ads.zzdjs) -> a
com.google.android.gms.internal.ads.zzddm -> com.google.android.gms.internal.ads.ja1:
    com.google.android.gms.internal.ads.zzdee zzaph() -> a
    com.google.android.gms.internal.ads.zzddu zzb(java.lang.String,java.lang.String,int) -> a
com.google.android.gms.internal.ads.zzddn -> com.google.android.gms.internal.ads.ka1:
    int[] zzgrt -> a
com.google.android.gms.internal.ads.zzddo -> com.google.android.gms.internal.ads.la1:
    byte[] zzgru -> a
com.google.android.gms.internal.ads.zzddp -> com.google.android.gms.internal.ads.ma1:
com.google.android.gms.internal.ads.zzdds -> com.google.android.gms.internal.ads.na1:
    byte[] zzc(byte[],byte[]) -> a
com.google.android.gms.internal.ads.zzddt -> com.google.android.gms.internal.ads.oa1:
    java.lang.Class zzgry -> b
    java.lang.Class zzgrx -> a
    java.lang.Class zzgrz -> c
    java.lang.String zzgsa -> d
    java.lang.Object zza(java.lang.Object,java.lang.String,java.lang.Class) -> a
    java.lang.Class zzapj() -> a
    com.google.android.gms.internal.ads.zzdrn zzb(com.google.android.gms.internal.ads.zzdrn) -> a
    com.google.android.gms.internal.ads.zzdiu zzr(com.google.android.gms.internal.ads.zzdot) -> a
    java.lang.String getKeyType() -> b
    java.lang.Object zza(com.google.android.gms.internal.ads.zzdrn) -> b
    com.google.android.gms.internal.ads.zzdrn zzq(com.google.android.gms.internal.ads.zzdot) -> b
    com.google.android.gms.internal.ads.zzdiu$zzb zzapk() -> c
    void zzc(com.google.android.gms.internal.ads.zzdrn) -> c
    java.lang.Object zzp(com.google.android.gms.internal.ads.zzdot) -> c
    void zzd(com.google.android.gms.internal.ads.zzdrn) -> d
    com.google.android.gms.internal.ads.zzdrn zzs(com.google.android.gms.internal.ads.zzdot) -> d
    java.lang.Object zze(com.google.android.gms.internal.ads.zzdrn) -> e
    com.google.android.gms.internal.ads.zzdrn zzt(com.google.android.gms.internal.ads.zzdot) -> e
    com.google.android.gms.internal.ads.zzdrn zzg(com.google.android.gms.internal.ads.zzdrn) -> f
    java.lang.Object zzf(com.google.android.gms.internal.ads.zzdrn) -> g